<?xml version="1.0" encoding="UTF-8"?>
<testng-results skipped="0" failed="0" total="0" passed="0">
  <reporter-output>
  </reporter-output>
  <suite name="org.pcn.pccraft.AppTest" duration-ms="3" started-at="2015-05-06T23:29:41Z" finished-at="2015-05-06T23:29:41Z">
    <groups>
    </groups>
    <test name="Command line test" duration-ms="3" started-at="2015-05-06T23:29:41Z" finished-at="2015-05-06T23:29:41Z">
    </test> <!-- Command line test -->
  </suite> <!-- org.pcn.pccraft.AppTest -->
</testng-results>
