<?xml version="1.0" encoding="UTF-8"?>
<testng-results skipped="0" failed="0" total="1" passed="1">
  <reporter-output>
  </reporter-output>
  <suite name="Default suite" duration-ms="181" started-at="2015-08-05T22:51:39Z" finished-at="2015-08-05T22:51:39Z">
    <groups>
    </groups>
    <test name="Default test" duration-ms="181" started-at="2015-08-05T22:51:39Z" finished-at="2015-08-05T22:51:39Z">
      <class name="org.pcn.mockito.TestMockito">
        <test-method status="PASS" signature="create()[pri:0, instance:org.pcn.mockito.TestMockito@41d26b41]" name="create" is-config="true" duration-ms="168" started-at="2015-08-05T15:51:39Z" finished-at="2015-08-05T15:51:39Z">
          <reporter-output>
          </reporter-output>
        </test-method> <!-- create -->
        <test-method status="PASS" signature="MockitoTest()[pri:0, instance:org.pcn.mockito.TestMockito@41d26b41]" name="MockitoTest" duration-ms="4" started-at="2015-08-05T15:51:39Z" finished-at="2015-08-05T15:51:39Z">
          <reporter-output>
          </reporter-output>
        </test-method> <!-- MockitoTest -->
      </class> <!-- org.pcn.mockito.TestMockito -->
    </test> <!-- Default test -->
  </suite> <!-- Default suite -->
</testng-results>
